<?xml version="1.0" encoding="UTF-8"?>
<testsuite xmlns:xsi="http://www.w3.org/2001/XMLSchema-instance" xsi:noNamespaceSchemaLocation="https://maven.apache.org/surefire/maven-surefire-plugin/xsd/surefire-test-report.xsd" name="TestSuite" time="1.199" tests="3" errors="0" skipped="2" failures="1">
  <properties>
[...]
</properties>
  <testcase name="setup" classname="mobileAutomation.mobileAutomation.AndroidAutomation" time="1.065">
    <failure message="Could not start a new session. Possible causes are invalid address of the remote server or browser start-up failure.&#10;Build info: version: &apos;3.141.59&apos;, revision: &apos;e82be7d358&apos;, time: &apos;2018-11-14T08:17:03&apos;&#10;System info: host: &apos;SBMAC0261.local&apos;, ip: &apos;fe80:0:0:0:141d:86aa:5b53:11b6%en0&apos;, os.name: &apos;Mac OS X&apos;, os.arch: &apos;x86_64&apos;, os.version: &apos;10.13.6&apos;, java.version: &apos;1.8.0_91&apos;&#10;Driver info: driver.version: RemoteWebDriver" type="org.openqa.selenium.remote.UnreachableBrowserException">org.openqa.selenium.remote.UnreachableBrowserException: 
Could not start a new session. Possible causes are invalid address of the remote server or browser start-up failure.
Build info: version: '3.141.59', revision: 'e82be7d358', time: '2018-11-14T08:17:03'
System info: host: 'SBMAC0261.local', ip: 'fe80:0:0:0:141d:86aa:5b53:11b6%en0', os.name: 'Mac OS X', os.arch: 'x86_64', os.version: '10.13.6', java.version: '1.8.0_91'
Driver info: driver.version: RemoteWebDriver
	at mobileAutomation.mobileAutomation.AndroidAutomation.setup(AndroidAutomation.java:42)
Caused by: java.net.ConnectException: Failed to connect to /0.0.0.0:4723
	at mobileAutomation.mobileAutomation.AndroidAutomation.setup(AndroidAutomation.java:42)
Caused by: java.net.ConnectException: Connection refused
	at mobileAutomation.mobileAutomation.AndroidAutomation.setup(AndroidAutomation.java:42)
</failure>
  </testcase>
  <testcase name="mobile" classname="mobileAutomation.mobileAutomation.AndroidAutomation" time="0">
    <skipped/>
  </testcase>
  <testcase name="registraion" classname="mobileAutomation.mobileAutomation.AndroidAutomation" time="0">
    <skipped/>
  </testcase>
</testsuite>